<?xml version="1.0" encoding="UTF-8"?>
<!-- Generated by org.testng.reporters.JUnitReportReporter -->
<testsuite skipped="0" hostname="DESKTOP-8SE8GSP" name="com.insightly.qa.testcases.WelcomePageTest" tests="1" failures="0" timestamp="2020-04-23T22:43:55 IST" time="18.322" errors="0">
  <testcase name="welcomePageTitle" time="18.322" classname="com.insightly.qa.testcases.WelcomePageTest"/>
</testsuite> <!-- com.insightly.qa.testcases.WelcomePageTest -->
