<?xml version="1.0" encoding="UTF-8"?>
<!-- Generated by org.testng.reporters.JUnitReportReporter -->
<testsuite skipped="0" hostname="DESKTOP-8SE8GSP" name="com.intigration.qa.testcases.WelcomePageTest" tests="1" failures="0" timestamp="2020-04-23T23:05:03 IST" time="26.230" errors="0">
  <testcase name="welcomePageTitle" time="26.230" classname="com.intigration.qa.testcases.WelcomePageTest"/>
</testsuite> <!-- com.intigration.qa.testcases.WelcomePageTest -->
